{"C:\\Users\\ashas\\Programming\\To-Do-list\\src\\modules\\listInput.js": {"path":"C:\\Users\\ashas\\Programming\\To-Do-list\\src\\modules\\listInput.js","statementMap":{"0":{"start":{"line":1,"column":22},"end":{"line":26,"column":1}},"1":{"start":{"line":2,"column":22},"end":{"line":2,"column":50}},"2":{"start":{"line":3,"column":2},"end":{"line":3,"column":41}},"3":{"start":{"line":4,"column":19},"end":{"line":4,"column":50}},"4":{"start":{"line":5,"column":2},"end":{"line":5,"column":38}},"5":{"start":{"line":6,"column":2},"end":{"line":6,"column":40}},"6":{"start":{"line":7,"column":2},"end":{"line":7,"column":51}},"7":{"start":{"line":8,"column":2},"end":{"line":8,"column":42}},"8":{"start":{"line":9,"column":20},"end":{"line":9,"column":51}},"9":{"start":{"line":10,"column":2},"end":{"line":10,"column":40}},"10":{"start":{"line":11,"column":2},"end":{"line":11,"column":30}},"11":{"start":{"line":12,"column":2},"end":{"line":12,"column":37}},"12":{"start":{"line":13,"column":18},"end":{"line":13,"column":50}},"13":{"start":{"line":14,"column":2},"end":{"line":14,"column":36}},"14":{"start":{"line":15,"column":2},"end":{"line":15,"column":66}},"15":{"start":{"line":16,"column":19},"end":{"line":16,"column":51}},"16":{"start":{"line":17,"column":2},"end":{"line":17,"column":37}},"17":{"start":{"line":18,"column":2},"end":{"line":18,"column":37}},"18":{"start":{"line":19,"column":2},"end":{"line":19,"column":33}},"19":{"start":{"line":20,"column":2},"end":{"line":20,"column":53}},"20":{"start":{"line":21,"column":2},"end":{"line":21,"column":37}},"21":{"start":{"line":22,"column":2},"end":{"line":22,"column":36}},"22":{"start":{"line":23,"column":2},"end":{"line":23,"column":35}},"23":{"start":{"line":24,"column":2},"end":{"line":24,"column":36}},"24":{"start":{"line":25,"column":2},"end":{"line":25,"column":21}}},"fnMap":{"0":{"name":"(anonymous_0)","decl":{"start":{"line":1,"column":22},"end":{"line":1,"column":23}},"loc":{"start":{"line":1,"column":32},"end":{"line":26,"column":1}},"line":1}},"branchMap":{},"s":{"0":1,"1":1,"2":1,"3":1,"4":1,"5":1,"6":1,"7":1,"8":1,"9":1,"10":1,"11":1,"12":1,"13":1,"14":1,"15":1,"16":1,"17":1,"18":1,"19":1,"20":1,"21":1,"22":1,"23":1,"24":1},"f":{"0":1},"b":{},"_coverageSchema":"1a1c01bbd47fc00a2c39e90264f33305004495a9","hash":"8e811891c2fdd0a610b64020f04dc973fd61f935"}
}
